cpu[0].min_runtime[0]=1
cpu[0].min_runtime[1]=1/2
cpu[1].min_runtime[0]=1/3
cpu[1].min_runtime[1]=1/2
cpu[2].min_runtime[0]=1
cpu[2].min_runtime[1]=1
cpu[3].min_runtime[0]=-1
cpu[3].min_runtime[1]=-1
group[0, 1].group_type[0]="has_spare"
group[0, 1].group_type[1]="has_spare"
group[0].group_type[0]="has_spare"
group[0].group_type[1]="has_spare"
group[1].group_type[0]="has_spare"
group[1].group_type[1]="overloaded"
group[2, 3].group_type[0]="has_spare"
group[2, 3].group_type[1]="has_spare"
group[2].group_type[0]="fully_busy"
group[2].group_type[1]="fully_busy"
group[3].group_type[0]="has_spare"
group[3].group_type[1]="has_spare"
local_above_average[0](0, 0)[domain[0, 1]]=False
local_above_average[0](0, 1)[domain[0, 1, 2, 3]]=False
local_above_average[0](1, 0)[domain[0, 1]]=False
local_above_average[0](1, 1)[domain[0, 1, 2, 3]]=False
local_above_average[1](0, 0)[domain[0, 1]]=False
local_above_average[1](0, 1)[domain[0, 1, 2, 3]]=False
local_above_average[1](1, 0)[domain[0, 1]]=True
local_above_average[1](1, 1)[domain[0, 1, 2, 3]]=False
local_above_average[2](0, 0)[domain[2, 3]]=False
local_above_average[2](0, 1)[domain[0, 1, 2, 3]]=False
local_above_average[2](1, 0)[domain[2, 3]]=False
local_above_average[2](1, 1)[domain[0, 1, 2, 3]]=False
local_above_average[3](0, 0)[domain[2, 3]]=False
local_above_average[3](0, 1)[domain[0, 1, 2, 3]]=False
local_above_average[3](1, 0)[domain[2, 3]]=False
local_above_average[3](1, 1)[domain[0, 1, 2, 3]]=False
local_the_busiest[0](0, 0)[domain[0, 1]]=False
local_the_busiest[0](0, 1)[domain[0, 1, 2, 3]]=True
local_the_busiest[0](1, 0)[domain[0, 1]]=False
local_the_busiest[0](1, 1)[domain[0, 1, 2, 3]]=True
local_the_busiest[1](0, 0)[domain[0, 1]]=True
local_the_busiest[1](0, 1)[domain[0, 1, 2, 3]]=True
local_the_busiest[1](1, 0)[domain[0, 1]]=True
local_the_busiest[1](1, 1)[domain[0, 1, 2, 3]]=True
local_the_busiest[2](0, 0)[domain[2, 3]]=True
local_the_busiest[2](0, 1)[domain[0, 1, 2, 3]]=False
local_the_busiest[2](1, 0)[domain[2, 3]]=True
local_the_busiest[2](1, 1)[domain[0, 1, 2, 3]]=False
local_the_busiest[3](0, 0)[domain[2, 3]]=False
local_the_busiest[3](0, 1)[domain[0, 1, 2, 3]]=False
local_the_busiest[3](1, 0)[domain[2, 3]]=False
local_the_busiest[3](1, 1)[domain[0, 1, 2, 3]]=False
m_load[0->1][(0, 0])[domain[0, 1]]=False
m_load[0->1][(1, 0])[domain[0, 1]]=True
m_load[0->2][(0, 1])[domain[0, 1, 2, 3]]=False
m_load[0->2][(1, 1])[domain[0, 1, 2, 3]]=False
m_load[0->3][(0, 1])[domain[0, 1, 2, 3]]=False
m_load[0->3][(1, 1])[domain[0, 1, 2, 3]]=False
m_load[1->0][(0, 0])[domain[0, 1]]=False
m_load[1->0][(1, 0])[domain[0, 1]]=False
m_load[1->2][(0, 1])[domain[0, 1, 2, 3]]=False
m_load[1->2][(1, 1])[domain[0, 1, 2, 3]]=False
m_load[1->3][(0, 1])[domain[0, 1, 2, 3]]=False
m_load[1->3][(1, 1])[domain[0, 1, 2, 3]]=False
m_load[2->0][(0, 1])[domain[0, 1, 2, 3]]=False
m_load[2->0][(1, 1])[domain[0, 1, 2, 3]]=False
m_load[2->1][(0, 1])[domain[0, 1, 2, 3]]=False
m_load[2->1][(1, 1])[domain[0, 1, 2, 3]]=False
m_load[2->3][(0, 0])[domain[2, 3]]=False
m_load[2->3][(1, 0])[domain[2, 3]]=False
m_load[3->0][(0, 1])[domain[0, 1, 2, 3]]=False
m_load[3->0][(1, 1])[domain[0, 1, 2, 3]]=False
m_load[3->1][(0, 1])[domain[0, 1, 2, 3]]=False
m_load[3->1][(1, 1])[domain[0, 1, 2, 3]]=False
m_load[3->2][(0, 0])[domain[2, 3]]=True
m_load[3->2][(1, 0])[domain[2, 3]]=True
m_task[0->1][(0, 0])[domain[0, 1]]=True
m_task[0->1][(1, 0])[domain[0, 1]]=False
m_task[0->2][(0, 1])[domain[0, 1, 2, 3]]=True
m_task[0->2][(1, 1])[domain[0, 1, 2, 3]]=True
m_task[0->3][(0, 1])[domain[0, 1, 2, 3]]=True
m_task[0->3][(1, 1])[domain[0, 1, 2, 3]]=True
m_task[1->0][(0, 0])[domain[0, 1]]=True
m_task[1->0][(1, 0])[domain[0, 1]]=False
m_task[1->2][(0, 1])[domain[0, 1, 2, 3]]=True
m_task[1->2][(1, 1])[domain[0, 1, 2, 3]]=True
m_task[1->3][(0, 1])[domain[0, 1, 2, 3]]=True
m_task[1->3][(1, 1])[domain[0, 1, 2, 3]]=True
m_task[2->0][(0, 1])[domain[0, 1, 2, 3]]=True
m_task[2->0][(1, 1])[domain[0, 1, 2, 3]]=True
m_task[2->1][(0, 1])[domain[0, 1, 2, 3]]=True
m_task[2->1][(1, 1])[domain[0, 1, 2, 3]]=True
m_task[2->3][(0, 0])[domain[2, 3]]=True
m_task[2->3][(1, 0])[domain[2, 3]]=True
m_task[3->0][(0, 1])[domain[0, 1, 2, 3]]=True
m_task[3->0][(1, 1])[domain[0, 1, 2, 3]]=True
m_task[3->1][(0, 1])[domain[0, 1, 2, 3]]=True
m_task[3->1][(1, 1])[domain[0, 1, 2, 3]]=True
m_task[3->2][(0, 0])[domain[2, 3]]=False
m_task[3->2][(1, 0])[domain[2, 3]]=False
m_util[0->1][(0, 0])[domain[0, 1]]=False
m_util[0->1][(1, 0])[domain[0, 1]]=False
m_util[0->2][(0, 1])[domain[0, 1, 2, 3]]=False
m_util[0->2][(1, 1])[domain[0, 1, 2, 3]]=False
m_util[0->3][(0, 1])[domain[0, 1, 2, 3]]=False
m_util[0->3][(1, 1])[domain[0, 1, 2, 3]]=False
m_util[1->0][(0, 0])[domain[0, 1]]=False
m_util[1->0][(1, 0])[domain[0, 1]]=True
m_util[1->2][(0, 1])[domain[0, 1, 2, 3]]=False
m_util[1->2][(1, 1])[domain[0, 1, 2, 3]]=False
m_util[1->3][(0, 1])[domain[0, 1, 2, 3]]=False
m_util[1->3][(1, 1])[domain[0, 1, 2, 3]]=False
m_util[2->0][(0, 1])[domain[0, 1, 2, 3]]=False
m_util[2->0][(1, 1])[domain[0, 1, 2, 3]]=False
m_util[2->1][(0, 1])[domain[0, 1, 2, 3]]=False
m_util[2->1][(1, 1])[domain[0, 1, 2, 3]]=False
m_util[2->3][(0, 0])[domain[2, 3]]=False
m_util[2->3][(1, 0])[domain[2, 3]]=False
m_util[3->0][(0, 1])[domain[0, 1, 2, 3]]=False
m_util[3->0][(1, 1])[domain[0, 1, 2, 3]]=False
m_util[3->1][(0, 1])[domain[0, 1, 2, 3]]=False
m_util[3->1][(1, 1])[domain[0, 1, 2, 3]]=False
m_util[3->2][(0, 0])[domain[2, 3]]=False
m_util[3->2][(1, 0])[domain[2, 3]]=False
migration_happens[0](0, 0)[domain[0, 1]]=False
migration_happens[0](0, 1)[domain[0, 1, 2, 3]]=False
migration_happens[0](1, 0)[domain[0, 1]]=True
migration_happens[0](1, 1)[domain[0, 1, 2, 3]]=False
migration_happens[1](0, 0)[domain[0, 1]]=False
migration_happens[1](0, 1)[domain[0, 1, 2, 3]]=False
migration_happens[1](1, 0)[domain[0, 1]]=False
migration_happens[1](1, 1)[domain[0, 1, 2, 3]]=False
migration_happens[2](0, 0)[domain[2, 3]]=False
migration_happens[2](0, 1)[domain[0, 1, 2, 3]]=False
migration_happens[2](1, 0)[domain[2, 3]]=False
migration_happens[2](1, 1)[domain[0, 1, 2, 3]]=False
migration_happens[3](0, 0)[domain[2, 3]]=False
migration_happens[3](0, 1)[domain[0, 1, 2, 3]]=False
migration_happens[3](1, 0)[domain[2, 3]]=False
migration_happens[3](1, 1)[domain[0, 1, 2, 3]]=False
no_considerable_imbalance[0](0, 0)[domain[0, 1]]=False
no_considerable_imbalance[0](0, 1)[domain[0, 1, 2, 3]]=False
no_considerable_imbalance[0](1, 0)[domain[0, 1]]=False
no_considerable_imbalance[0](1, 1)[domain[0, 1, 2, 3]]=False
no_considerable_imbalance[1](0, 0)[domain[0, 1]]=False
no_considerable_imbalance[1](0, 1)[domain[0, 1, 2, 3]]=False
no_considerable_imbalance[1](1, 0)[domain[0, 1]]=True
no_considerable_imbalance[1](1, 1)[domain[0, 1, 2, 3]]=False
no_considerable_imbalance[2](0, 0)[domain[2, 3]]=False
no_considerable_imbalance[2](0, 1)[domain[0, 1, 2, 3]]=False
no_considerable_imbalance[2](1, 0)[domain[2, 3]]=False
no_considerable_imbalance[2](1, 1)[domain[0, 1, 2, 3]]=False
no_considerable_imbalance[3](0, 0)[domain[2, 3]]=True
no_considerable_imbalance[3](0, 1)[domain[0, 1, 2, 3]]=True
no_considerable_imbalance[3](1, 0)[domain[2, 3]]=True
no_considerable_imbalance[3](1, 1)[domain[0, 1, 2, 3]]=True
no_suitable_task[0](0, 0)[domain[0, 1]]=False
no_suitable_task[0](0, 1)[domain[0, 1, 2, 3]]=True
no_suitable_task[0](1, 0)[domain[0, 1]]=False
no_suitable_task[0](1, 1)[domain[0, 1, 2, 3]]=True
no_suitable_task[1](0, 0)[domain[0, 1]]=True
no_suitable_task[1](0, 1)[domain[0, 1, 2, 3]]=True
no_suitable_task[1](1, 0)[domain[0, 1]]=True
no_suitable_task[1](1, 1)[domain[0, 1, 2, 3]]=True
no_suitable_task[2](0, 0)[domain[2, 3]]=True
no_suitable_task[2](0, 1)[domain[0, 1, 2, 3]]=False
no_suitable_task[2](1, 0)[domain[2, 3]]=True
no_suitable_task[2](1, 1)[domain[0, 1, 2, 3]]=False
no_suitable_task[3](0, 0)[domain[2, 3]]=True
no_suitable_task[3](0, 1)[domain[0, 1, 2, 3]]=False
no_suitable_task[3](1, 0)[domain[2, 3]]=True
no_suitable_task[3](1, 1)[domain[0, 1, 2, 3]]=False
none_overloaded[0](0, 0)[domain[0, 1]]=True
none_overloaded[0](0, 1)[domain[0, 1, 2, 3]]=True
none_overloaded[0](1, 0)[domain[0, 1]]=False
none_overloaded[0](1, 1)[domain[0, 1, 2, 3]]=True
none_overloaded[1](0, 0)[domain[0, 1]]=True
none_overloaded[1](0, 1)[domain[0, 1, 2, 3]]=True
none_overloaded[1](1, 0)[domain[0, 1]]=False
none_overloaded[1](1, 1)[domain[0, 1, 2, 3]]=True
none_overloaded[2](0, 0)[domain[2, 3]]=True
none_overloaded[2](0, 1)[domain[0, 1, 2, 3]]=True
none_overloaded[2](1, 0)[domain[2, 3]]=True
none_overloaded[2](1, 1)[domain[0, 1, 2, 3]]=True
none_overloaded[3](0, 0)[domain[2, 3]]=False
none_overloaded[3](0, 1)[domain[0, 1, 2, 3]]=False
none_overloaded[3](1, 0)[domain[2, 3]]=False
none_overloaded[3](1, 1)[domain[0, 1, 2, 3]]=False
task[0].cpu[0][0]=0
task[0].cpu[0][1]=0
task[0].cpu[1][0]=0
task[0].cpu[1][1]=0
task[0].cpu[2][0]=0
task[0].weight=1
task[1].cpu[0][0]=1
task[1].cpu[0][1]=1
task[1].cpu[1][0]=1
task[1].cpu[1][1]=1
task[1].cpu[2][0]=1
task[1].weight=1
task[2].cpu[0][0]=1
task[2].cpu[0][1]=1
task[2].cpu[1][0]=1
task[2].cpu[1][1]=0
task[2].cpu[2][0]=0
task[2].weight=1
task[3].cpu[0][0]=2
task[3].cpu[0][1]=2
task[3].cpu[1][0]=2
task[3].cpu[1][1]=2
task[3].cpu[2][0]=2
task[3].weight=1
task[4].cpu[0][0]=1
task[4].cpu[0][1]=1
task[4].cpu[1][0]=1
task[4].cpu[1][1]=1
task[4].cpu[2][0]=1
task[4].weight=1
tasks[0].runnable[0]=1
tasks[0].runnable[1]=1
tasks[0].runnable_avg[-1]=1/500
tasks[0].runnable_avg[0]=501/1000
tasks[0].runnable_avg[1]=1501/2000
tasks[0].runtime[0]=1
tasks[0].runtime[1]=1/2
tasks[0].total_runtime=3/2
tasks[0].util_avg[-1]=1/1500
tasks[0].util_avg[0]=1501/3000
tasks[0].util_avg[1]=3001/6000
tasks[1].runnable[0]=1
tasks[1].runnable[1]=1
tasks[1].runnable_avg[-1]=43/125
tasks[1].runnable_avg[0]=84/125
tasks[1].runnable_avg[1]=209/250
tasks[1].runtime[0]=1/3
tasks[1].runtime[1]=1/2
tasks[1].total_runtime=5/6
tasks[1].util_avg[-1]=43/125
tasks[1].util_avg[0]=127/375
tasks[1].util_avg[1]=629/1500
tasks[2].runnable[0]=1
tasks[2].runnable[1]=1
tasks[2].runnable_avg[-1]=0
tasks[2].runnable_avg[0]=1/2
tasks[2].runnable_avg[1]=3/4
tasks[2].runtime[0]=1/3
tasks[2].runtime[1]=1/2
tasks[2].total_runtime=5/6
tasks[2].util_avg[-1]=0
tasks[2].util_avg[0]=1/6
tasks[2].util_avg[1]=1/3
tasks[3].runnable[0]=1
tasks[3].runnable[1]=1
tasks[3].runnable_avg[-1]=1499/1500
tasks[3].runnable_avg[0]=2999/3000
tasks[3].runnable_avg[1]=5999/6000
tasks[3].runtime[0]=1
tasks[3].runtime[1]=1
tasks[3].total_runtime=2
tasks[3].util_avg[-1]=100/117
tasks[3].util_avg[0]=217/234
tasks[3].util_avg[1]=451/468
tasks[4].runnable[0]=1
tasks[4].runnable[1]=1
tasks[4].runnable_avg[-1]=167/500
tasks[4].runnable_avg[0]=667/1000
tasks[4].runnable_avg[1]=1667/2000
tasks[4].runtime[0]=1/3
tasks[4].runtime[1]=1/2
tasks[4].total_runtime=5/6
tasks[4].util_avg[-1]=167/500
tasks[4].util_avg[0]=1001/3000
tasks[4].util_avg[1]=2501/6000
